<?xml version="1.0" encoding="UTF-8"?>
<!-- Generated by org.testng.reporters.JUnitXMLReporter -->
<testsuite hostname="SRINIDHI-PC" failures="1" tests="1" name="CucumberTest" time="27.555" errors="0" timestamp="22 Feb 2018 19:39:39 GMT">
  <testcase classname="CucumberTestRunner.TestRunner" name="feature" time="26.327">
    <failure type="cucumber.runtime.CucumberException" message="java.lang.NullPointerException">
      <![CDATA[cucumber.runtime.CucumberException: java.lang.NullPointerException
	at cucumber.api.testng.TestNGCucumberRunner.runCucumber(TestNGCucumberRunner.java:69)
	at CucumberTestRunner.TestRunner.feature(TestRunner.java:30)
Caused by: java.lang.NullPointerException
	at org.openqa.selenium.support.ui.Select.<init>(Select.java:44)
	at CucumberStepDefinitions.ApsrtcStepDef.user_selects_a_seat_fills_in_all_the_details(ApsrtcStepDef.java:115)
	at âœ½.When user selects a seat & fills in all the details(FeatureFiles/Apsrtc.feature:26)
... Removed 23 stack frames]]>
    </failure>
  </testcase> <!-- feature -->
</testsuite> <!-- CucumberTest -->
