<?xml version="1.0" encoding="UTF-8" ?>
<testsuite tests="2" failures="1" name="TestSuite" time="27.563" errors="0" skipped="1">
  <properties>
[...]
</properties>
  <testcase classname="CucumberTestRunner.TestNGRunner" name="feature" time="0.982">
    <skipped/>
    <system-out>Configuring TestNG with: org.apache.maven.surefire.testng.conf.TestNG652Configurator@76a3e297
</system-out>
  </testcase>
  <testcase classname="CucumberTestRunner.TestRunner" name="feature" time="26.581">
    <failure message="org.openqa.selenium.WebDriverException: unknown error: Element &lt;input type=&quot;button&quot; name=&quot;SrvcSelectBtnForward&quot; id=&quot;SrvcSelectBtnForward26&quot; value=&quot;Select Seats&quot; class=&quot;btnSelectLO&quot; onclick=&quot;ajaxShowBoardingPoints(&apos;1478580524732&apos;
							, &apos;34204&apos;
							, &apos;34204&apos;
							, &apos;1411219050363&apos;
							, &apos;Forward&apos;
							, &apos;26&apos;);&quot;&gt; is not clickable at point (1109, 609). Other element would receive the click: &lt;span class=&quot;TickRate rupeeIco&quot; tickrate=&quot;277&quot;&gt;...&lt;/span&gt;
  (Session info: chrome=64.0.3282.167)
  (Driver info: chromedriver=2.33.506120 (e3e53437346286c0bc2d2dc9aa4915ba81d9023f),platform=Windows NT 6.1.7601 SP1 x86_64) (WARNING: The server did not provide any stacktrace information)
Command duration or timeout: 161 milliseconds
Build info: version: &apos;2.48.2&apos;, revision: &apos;41bccdd10cf2c0560f637404c2d96164b67d9d67&apos;, time: &apos;2015-10-09 13:08:06&apos;
System info: host: &apos;SRINIDHI-PC&apos;, ip: &apos;192.168.0.108&apos;, os.name: &apos;Windows 7&apos;, os.arch: &apos;amd64&apos;, os.version: &apos;6.1&apos;, java.version: &apos;9.0.4&apos;
Driver info: org.openqa.selenium.chrome.ChromeDriver
Capabilities [{applicationCacheEnabled=false, rotatable=false, mobileEmulationEnabled=false, networkConnectionEnabled=false, chrome={chromedriverVersion=2.33.506120 (e3e53437346286c0bc2d2dc9aa4915ba81d9023f), userDataDir=C:\Users\SRINIDHI\AppData\Local\Temp\scoped_dir6788_10263}, takesHeapSnapshot=true, pageLoadStrategy=normal, databaseEnabled=false, handlesAlerts=true, hasTouchScreen=false, version=64.0.3282.167, platform=XP, browserConnectionEnabled=false, nativeEvents=true, acceptSslCerts=true, locationContextEnabled=true, webStorageEnabled=true, browserName=chrome, takesScreenshot=true, javascriptEnabled=true, cssSelectorsEnabled=true, setWindowRect=true, unexpectedAlertBehaviour=}]
Session ID: 8da5e017d14a1cff8b41927a05a6997f" type="cucumber.runtime.CucumberException">cucumber.runtime.CucumberException: org.openqa.selenium.WebDriverException: unknown error: Element &lt;input type=&quot;button&quot; name=&quot;SrvcSelectBtnForward&quot; id=&quot;SrvcSelectBtnForward26&quot; value=&quot;Select Seats&quot; class=&quot;btnSelectLO&quot; onclick=&quot;ajaxShowBoardingPoints(&apos;1478580524732&apos;
							, &apos;34204&apos;
							, &apos;34204&apos;
							, &apos;1411219050363&apos;
							, &apos;Forward&apos;
							, &apos;26&apos;);&quot;&gt; is not clickable at point (1109, 609). Other element would receive the click: &lt;span class=&quot;TickRate rupeeIco&quot; tickrate=&quot;277&quot;&gt;...&lt;/span&gt;
  (Session info: chrome=64.0.3282.167)
  (Driver info: chromedriver=2.33.506120 (e3e53437346286c0bc2d2dc9aa4915ba81d9023f),platform=Windows NT 6.1.7601 SP1 x86_64) (WARNING: The server did not provide any stacktrace information)
Command duration or timeout: 161 milliseconds
Build info: version: &apos;2.48.2&apos;, revision: &apos;41bccdd10cf2c0560f637404c2d96164b67d9d67&apos;, time: &apos;2015-10-09 13:08:06&apos;
System info: host: &apos;SRINIDHI-PC&apos;, ip: &apos;192.168.0.108&apos;, os.name: &apos;Windows 7&apos;, os.arch: &apos;amd64&apos;, os.version: &apos;6.1&apos;, java.version: &apos;9.0.4&apos;
Driver info: org.openqa.selenium.chrome.ChromeDriver
Capabilities [{applicationCacheEnabled=false, rotatable=false, mobileEmulationEnabled=false, networkConnectionEnabled=false, chrome={chromedriverVersion=2.33.506120 (e3e53437346286c0bc2d2dc9aa4915ba81d9023f), userDataDir=C:\Users\SRINIDHI\AppData\Local\Temp\scoped_dir6788_10263}, takesHeapSnapshot=true, pageLoadStrategy=normal, databaseEnabled=false, handlesAlerts=true, hasTouchScreen=false, version=64.0.3282.167, platform=XP, browserConnectionEnabled=false, nativeEvents=true, acceptSslCerts=true, locationContextEnabled=true, webStorageEnabled=true, browserName=chrome, takesScreenshot=true, javascriptEnabled=true, cssSelectorsEnabled=true, setWindowRect=true, unexpectedAlertBehaviour=}]
Session ID: 8da5e017d14a1cff8b41927a05a6997f
	at cucumber.api.testng.TestNGCucumberRunner.runCucumber(TestNGCucumberRunner.java:69)
	at CucumberTestRunner.TestRunner.feature(TestRunner.java:30)
Caused by: org.openqa.selenium.WebDriverException: unknown error: Element &lt;input type=&quot;button&quot; name=&quot;SrvcSelectBtnForward&quot; id=&quot;SrvcSelectBtnForward26&quot; value=&quot;Select Seats&quot; class=&quot;btnSelectLO&quot; onclick=&quot;ajaxShowBoardingPoints(&apos;1478580524732&apos;
							, &apos;34204&apos;
							, &apos;34204&apos;
							, &apos;1411219050363&apos;
							, &apos;Forward&apos;
							, &apos;26&apos;);&quot;&gt; is not clickable at point (1109, 609). Other element would receive the click: &lt;span class=&quot;TickRate rupeeIco&quot; tickrate=&quot;277&quot;&gt;...&lt;/span&gt;
  (Session info: chrome=64.0.3282.167)
  (Driver info: chromedriver=2.33.506120 (e3e53437346286c0bc2d2dc9aa4915ba81d9023f),platform=Windows NT 6.1.7601 SP1 x86_64) (WARNING: The server did not provide any stacktrace information)
Command duration or timeout: 161 milliseconds
Build info: version: &apos;2.48.2&apos;, revision: &apos;41bccdd10cf2c0560f637404c2d96164b67d9d67&apos;, time: &apos;2015-10-09 13:08:06&apos;
System info: host: &apos;SRINIDHI-PC&apos;, ip: &apos;192.168.0.108&apos;, os.name: &apos;Windows 7&apos;, os.arch: &apos;amd64&apos;, os.version: &apos;6.1&apos;, java.version: &apos;9.0.4&apos;
Driver info: org.openqa.selenium.chrome.ChromeDriver
Capabilities [{applicationCacheEnabled=false, rotatable=false, mobileEmulationEnabled=false, networkConnectionEnabled=false, chrome={chromedriverVersion=2.33.506120 (e3e53437346286c0bc2d2dc9aa4915ba81d9023f), userDataDir=C:\Users\SRINIDHI\AppData\Local\Temp\scoped_dir6788_10263}, takesHeapSnapshot=true, pageLoadStrategy=normal, databaseEnabled=false, handlesAlerts=true, hasTouchScreen=false, version=64.0.3282.167, platform=XP, browserConnectionEnabled=false, nativeEvents=true, acceptSslCerts=true, locationContextEnabled=true, webStorageEnabled=true, browserName=chrome, takesScreenshot=true, javascriptEnabled=true, cssSelectorsEnabled=true, setWindowRect=true, unexpectedAlertBehaviour=}]
Session ID: 8da5e017d14a1cff8b41927a05a6997f
	at java.base/jdk.internal.reflect.NativeConstructorAccessorImpl.newInstance0(Native Method)
	at java.base/jdk.internal.reflect.NativeConstructorAccessorImpl.newInstance(NativeConstructorAccessorImpl.java:62)
	at java.base/jdk.internal.reflect.DelegatingConstructorAccessorImpl.newInstance(DelegatingConstructorAccessorImpl.java:45)
	at java.base/java.lang.reflect.Constructor.newInstance(Constructor.java:488)
	at org.openqa.selenium.remote.ErrorHandler.createThrowable(ErrorHandler.java:206)
	at org.openqa.selenium.remote.ErrorHandler.throwIfResponseFailed(ErrorHandler.java:158)
	at org.openqa.selenium.remote.RemoteWebDriver.execute(RemoteWebDriver.java:647)
	at org.openqa.selenium.remote.RemoteWebElement.execute(RemoteWebElement.java:326)
	at org.openqa.selenium.remote.RemoteWebElement.click(RemoteWebElement.java:84)
	at CucumberStepDefinitions.ApsrtcStepDef.user_Selects_a_particular_bus_service_and_enters_all_the_details(ApsrtcStepDef.java:83)
	at ✽.When user Selects a particular bus service and enters all the details(FeatureFiles/Apsrtc.feature:19)
</failure>
    <system-out>
0 Scenarios
0 Steps
0m0.000s

User is in home page!!
Select from and to places!!
Showing all the bus details!!!
Showing all the bus details!!!
Seats are displayed!!Please select your seat: 
</system-out>
    <system-err>Starting ChromeDriver 2.33.506120 (e3e53437346286c0bc2d2dc9aa4915ba81d9023f) on port 14551
Only local connections are allowed.
</system-err>
  </testcase>
</testsuite>